
===============Init Logging================

20/11/2015 - 11:44:39 	===== Ouverture de session =====
20/11/2015 - 13:43:41 	Début du calcul
20/11/2015 - 13:43:41 	Nombre de positions : 100
20/11/2015 - 13:43:41 	Simulation activée
20/11/2015 - 13:43:41 	Lecture des conditions initiales
20/11/2015 - 13:43:42 	Fin du calcul
20/11/2015 - 13:43:44 	Début du calcul
20/11/2015 - 13:43:44 	Nombre de positions : 100
20/11/2015 - 13:43:44 	Simulation activée
20/11/2015 - 13:43:44 	Lecture des conditions initiales
20/11/2015 - 13:43:46 	Fin du calcul
20/11/2015 - 13:43:52 	Début du calcul
20/11/2015 - 13:43:52 	Nombre de positions : 100
20/11/2015 - 13:43:52 	Simulation activée
20/11/2015 - 13:43:52 	Lecture des conditions initiales
20/11/2015 - 13:43:54 	Fin du calcul
20/11/2015 - 13:43:55 	Début du calcul
20/11/2015 - 13:43:55 	Nombre de positions : 100
20/11/2015 - 13:43:55 	Simulation activée
20/11/2015 - 13:43:55 	Lecture des conditions initiales
20/11/2015 - 13:43:57 	Fin du calcul
20/11/2015 - 13:49:00 	Début du calcul
20/11/2015 - 13:49:00 	Nombre de positions : 100
20/11/2015 - 13:49:00 	Simulation activée
20/11/2015 - 13:49:00 	Lecture des conditions initiales
20/11/2015 - 13:49:01 	Fin du calcul
20/11/2015 - 14:43:27 	Début du calcul
20/11/2015 - 14:43:27 	Nombre de positions : 1000
20/11/2015 - 14:43:27 	Simulation activée
20/11/2015 - 14:43:27 	Lecture des conditions initiales
20/11/2015 - 14:43:37 	Fin du calcul
20/11/2015 - 14:48:13 	Début du calcul
20/11/2015 - 14:48:13 	Nombre de positions : 1000
20/11/2015 - 14:48:13 	Simulation activée
20/11/2015 - 14:48:13 	Lecture des conditions initiales
20/11/2015 - 14:48:24 	Fin du calcul
20/11/2015 - 14:48:27 	Début du calcul
20/11/2015 - 14:48:27 	Nombre de positions : 1000
20/11/2015 - 14:48:27 	Simulation activée
20/11/2015 - 14:48:27 	Lecture des conditions initiales
20/11/2015 - 14:48:43 	===== Fermeture de session =====

===============Finish Logging================


===============Init Logging================

20/11/2015 - 14:49:56 	===== Ouverture de session =====
20/11/2015 - 14:50:14 	Début du calcul
20/11/2015 - 14:50:14 	Nombre de positions : 1000
20/11/2015 - 14:50:14 	Simulation inactivée
20/11/2015 - 14:50:14 	Lecture des conditions initiales
20/11/2015 - 14:50:14 	Fin du calcul
20/11/2015 - 14:53:09 	Début du calcul
20/11/2015 - 14:53:09 	Nombre de positions : 1000
20/11/2015 - 14:53:09 	Simulation inactivée
20/11/2015 - 14:53:09 	Lecture des conditions initiales
20/11/2015 - 14:53:09 	Fin du calcul
20/11/2015 - 14:53:45 	Début du calcul
20/11/2015 - 14:53:45 	Nombre de positions : 1000
20/11/2015 - 14:53:45 	Simulation inactivée
20/11/2015 - 14:53:45 	Lecture des conditions initiales
20/11/2015 - 14:53:45 	Fin du calcul
20/11/2015 - 14:54:21 	Début du calcul
20/11/2015 - 14:54:21 	Nombre de positions : 1000
20/11/2015 - 14:54:21 	Simulation inactivée
20/11/2015 - 14:54:21 	Lecture des conditions initiales
20/11/2015 - 14:54:22 	Fin du calcul
20/11/2015 - 14:54:51 	Début du calcul
20/11/2015 - 14:54:51 	Nombre de positions : 1000
20/11/2015 - 14:54:51 	Simulation inactivée
20/11/2015 - 14:54:51 	Lecture des conditions initiales
20/11/2015 - 14:54:52 	Fin du calcul
20/11/2015 - 15:03:10 	Début du calcul
20/11/2015 - 15:03:10 	Nombre de positions : 1000
20/11/2015 - 15:03:10 	Simulation inactivée
20/11/2015 - 15:03:10 	Lecture des conditions initiales
20/11/2015 - 15:03:10 	Fin du calcul
20/11/2015 - 16:10:54 	===== Fermeture de session =====

===============Finish Logging================


===============Init Logging================

20/11/2015 - 16:14:53 	===== Ouverture de session =====
20/11/2015 - 16:16:19 	Début du calcul
20/11/2015 - 16:16:19 	Nombre de positions : 1000
20/11/2015 - 16:16:19 	Simulation inactivée
20/11/2015 - 16:16:19 	Lecture des conditions initiales
20/11/2015 - 16:16:20 	Fin du calcul
20/11/2015 - 16:21:36 	Début du calcul
20/11/2015 - 16:21:36 	Nombre de positions : 1000
20/11/2015 - 16:21:36 	Simulation inactivée
20/11/2015 - 16:21:36 	Lecture des conditions initiales
20/11/2015 - 16:21:36 	Fin du calcul
20/11/2015 - 17:16:38 	===== Fermeture de session =====

===============Finish Logging================

